
> starter@1.0.0 e2e:base /Users/lizk/Downloads/mockingEnd
> mocha --opts e2e/mocha.opts e2e/*.spec.js "--reporter" "xunit"

<testsuite name="Mocha Tests" tests="3" failures="0" errors="0" skipped="0" timestamp="Thu, 02 Mar 2017 01:38:27 GMT" time="6.689">
<testcase classname="Test Dummy Server Example Page" name="should log in as the test user" time="0.542"/>
<testcase classname="Test Dummy Server Example Page" name="Update the headline and verify the change" time="0.001"/>
<testcase classname="shutdown" name="now" time="0.15"/>
</testsuite>
