TN:
SF:/Users/lizk/study/rice/2017spring/531doc/hw5/src/actions.js
FN:0,_interopRequireDefault
FN:4,resource
FN:18,(anonymous_3)
FN:27,navigate
FNF:4
FNH:4
FNDA:1,_interopRequireDefault
FNDA:13,resource
FNDA:11,(anonymous_3)
FNDA:5,navigate
DA:0,1
DA:1,1
DA:3,1
DA:4,1
DA:5,13
DA:9,13
DA:10,12
DA:14,13
DA:16,13
DA:17,13
DA:19,11
DA:20,10
DA:22,1
DA:27,1
DA:28,5
DA:33,1
LF:16
LH:16
BRDA:0,1,0,0
BRDA:0,1,1,1
BRDA:0,2,0,1
BRDA:0,2,1,1
BRDA:9,3,0,12
BRDA:9,3,1,1
BRDA:14,4,0,4
BRDA:14,4,1,9
BRDA:14,5,0,13
BRDA:14,5,1,5
BRDA:16,6,0,1
BRDA:16,6,1,12
BRDA:16,7,0,13
BRDA:16,7,1,5
BRDA:19,8,0,10
BRDA:19,8,1,1
BRDA:20,9,0,10
BRDA:20,9,1,0
BRF:18
BRH:17
end_of_record
TN:
SF:/Users/lizk/study/rice/2017spring/531doc/hw5/src/actions.spec.js
FN:0,_interopRequireDefault
FN:5,(anonymous_2)
FN:7,(anonymous_3)
FN:30,(anonymous_4)
FN:37,(anonymous_5)
FN:47,(anonymous_6)
FN:57,(anonymous_7)
FN:58,(anonymous_8)
FN:61,(anonymous_9)
FN:67,(anonymous_10)
FN:79,(anonymous_11)
FN:83,(anonymous_12)
FN:89,(anonymous_13)
FN:99,(anonymous_14)
FN:104,(anonymous_15)
FN:111,(anonymous_16)
FNF:16
FNH:14
FNDA:2,_interopRequireDefault
FNDA:1,(anonymous_2)
FNDA:6,(anonymous_3)
FNDA:6,(anonymous_4)
FNDA:1,(anonymous_5)
FNDA:1,(anonymous_6)
FNDA:1,(anonymous_7)
FNDA:0,(anonymous_8)
FNDA:1,(anonymous_9)
FNDA:1,(anonymous_10)
FNDA:1,(anonymous_11)
FNDA:0,(anonymous_12)
FNDA:1,(anonymous_13)
FNDA:1,(anonymous_14)
FNDA:1,(anonymous_15)
FNDA:1,(anonymous_16)
DA:0,2
DA:1,1
DA:2,1
DA:3,1
DA:5,1
DA:6,1
DA:7,1
DA:8,6
DA:9,0
DA:10,0
DA:11,0
DA:14,6
DA:15,6
DA:16,6
DA:17,6
DA:18,6
DA:19,6
DA:23,1
DA:24,1
DA:25,1
DA:26,1
DA:27,1
DA:28,1
DA:30,1
DA:31,6
DA:32,0
DA:33,0
DA:37,1
DA:38,1
DA:46,1
DA:48,1
DA:57,1
DA:58,1
DA:62,1
DA:67,1
DA:68,1
DA:69,1
DA:78,1
DA:80,1
DA:84,0
DA:89,1
DA:90,1
DA:91,1
DA:92,1
DA:93,1
DA:94,1
DA:95,1
DA:99,1
DA:100,1
DA:101,1
DA:103,1
DA:105,1
DA:111,1
DA:112,1
DA:113,1
LF:55
LH:49
BRDA:0,1,0,0
BRDA:0,1,1,2
BRDA:0,2,0,2
BRDA:0,2,1,2
BRDA:8,3,0,0
BRDA:8,3,1,6
BRDA:31,4,0,0
BRDA:31,4,1,6
BRF:8
BRH:6
end_of_record
TN:
SF:/Users/lizk/study/rice/2017spring/531doc/hw5/src/components/auth/loginAction.js
FN:0,_interopRequireWildcard
FN:6,logIn
FN:11,(anonymous_3)
FN:13,(anonymous_4)
FN:19,(anonymous_5)
FN:23,(anonymous_6)
FN:29,errLogin
FN:33,normalLogin
FN:37,validateLogIn
FNF:9
FNH:9
FNDA:1,_interopRequireWildcard
FNDA:2,logIn
FNDA:2,(anonymous_3)
FNDA:1,(anonymous_4)
FNDA:5,(anonymous_5)
FNDA:1,(anonymous_6)
FNDA:2,errLogin
FNDA:1,normalLogin
FNDA:2,validateLogIn
DA:0,1
DA:1,1
DA:2,1
DA:3,1
DA:4,1
DA:6,1
DA:7,2
DA:8,2
DA:9,0
DA:11,2
DA:12,2
DA:14,1
DA:15,1
DA:16,1
DA:17,1
DA:18,1
DA:19,5
DA:20,1
DA:24,1
DA:29,1
DA:30,2
DA:33,1
DA:34,1
DA:37,1
DA:38,2
DA:39,2
DA:40,0
DA:41,0
DA:43,2
DA:44,0
DA:45,0
DA:47,2
LF:32
LH:27
BRDA:0,1,0,1
BRDA:0,1,1,0
BRDA:0,2,0,1
BRDA:0,2,1,1
BRDA:0,3,0,0
BRDA:0,3,1,0
BRDA:0,4,0,0
BRDA:0,4,1,0
BRDA:8,5,0,0
BRDA:8,5,1,2
BRDA:39,6,0,0
BRDA:39,6,1,2
BRDA:39,7,0,2
BRDA:39,7,1,2
BRDA:43,8,0,0
BRDA:43,8,1,2
BRDA:43,9,0,2
BRDA:43,9,1,2
BRF:18
BRH:15
end_of_record
TN:
SF:/Users/lizk/study/rice/2017spring/531doc/hw5/src/components/main/articleAction.js
FN:0,(anonymous_1)
FN:3,editArticle
FN:7,addArticle
FN:15,getArticles
FN:17,(anonymous_5)
FN:19,(anonymous_6)
FN:21,(anonymous_7)
FN:29,(anonymous_8)
FN:35,postArticle
FN:38,(anonymous_10)
FN:44,(anonymous_11)
FN:46,(anonymous_12)
FN:50,(anonymous_13)
FN:56,search
FNF:14
FNH:10
FNDA:0,(anonymous_1)
FNDA:0,editArticle
FNDA:0,addArticle
FNDA:2,getArticles
FNDA:1,(anonymous_5)
FNDA:1,(anonymous_6)
FNDA:2,(anonymous_7)
FNDA:0,(anonymous_8)
FNDA:2,postArticle
FNDA:1,(anonymous_10)
FNDA:1,(anonymous_11)
FNDA:0,(anonymous_12)
FNDA:1,(anonymous_13)
FNDA:1,search
DA:0,1
DA:1,1
DA:3,1
DA:4,0
DA:7,1
DA:9,0
DA:10,0
DA:12,0
DA:15,1
DA:16,2
DA:17,2
DA:18,1
DA:21,1
DA:23,2
DA:27,1
DA:30,0
DA:35,1
DA:36,2
DA:37,2
DA:38,1
DA:41,1
DA:42,1
DA:43,1
DA:44,1
DA:45,1
DA:47,0
DA:48,0
DA:51,1
DA:56,1
DA:57,1
LF:30
LH:23
BRDA:0,1,0,1
BRDA:0,1,1,0
BRDA:0,2,0,0
BRDA:0,2,1,0
BRDA:9,3,0,0
BRDA:9,3,1,0
BRDA:16,4,0,1
BRDA:16,4,1,1
BRDA:37,5,0,1
BRDA:37,5,1,1
BRF:10
BRH:8
end_of_record
TN:
SF:/Users/lizk/study/rice/2017spring/531doc/hw5/src/components/profile/updateProfileAction.js
FN:3,updateAvatar
FN:10,updateUsername
FN:17,updateEmail
FN:24,updateZipcode
FN:31,updateHeadline
FN:38,updateDOB
FN:45,putHeadline
FN:46,(anonymous_8)
FN:49,(anonymous_9)
FN:51,(anonymous_10)
FN:57,putEmail
FN:58,(anonymous_12)
FN:61,(anonymous_13)
FN:63,(anonymous_14)
FN:69,putZipcode
FN:70,(anonymous_16)
FN:73,(anonymous_17)
FN:75,(anonymous_18)
FN:81,putPassword
FN:82,(anonymous_20)
FN:85,(anonymous_21)
FN:87,(anonymous_22)
FN:93,fetchField
FN:95,(anonymous_24)
FN:96,(anonymous_25)
FN:116,(anonymous_26)
FN:122,validate
FN:179,updateProfile
FN:184,(anonymous_29)
FN:185,(anonymous_30)
FN:203,(anonymous_31)
FNF:31
FNH:12
FNDA:1,updateAvatar
FNDA:2,updateUsername
FNDA:1,updateEmail
FNDA:1,updateZipcode
FNDA:2,updateHeadline
FNDA:0,updateDOB
FNDA:1,putHeadline
FNDA:1,(anonymous_8)
FNDA:1,(anonymous_9)
FNDA:0,(anonymous_10)
FNDA:0,putEmail
FNDA:0,(anonymous_12)
FNDA:0,(anonymous_13)
FNDA:0,(anonymous_14)
FNDA:0,putZipcode
FNDA:0,(anonymous_16)
FNDA:0,(anonymous_17)
FNDA:0,(anonymous_18)
FNDA:0,putPassword
FNDA:0,(anonymous_20)
FNDA:0,(anonymous_21)
FNDA:0,(anonymous_22)
FNDA:9,fetchField
FNDA:4,(anonymous_24)
FNDA:4,(anonymous_25)
FNDA:1,(anonymous_26)
FNDA:0,validate
FNDA:0,updateProfile
FNDA:0,(anonymous_29)
FNDA:0,(anonymous_30)
FNDA:0,(anonymous_31)
DA:0,1
DA:1,1
DA:3,1
DA:4,1
DA:10,1
DA:11,2
DA:17,1
DA:18,1
DA:24,1
DA:25,1
DA:31,1
DA:32,2
DA:38,1
DA:39,0
DA:45,1
DA:46,1
DA:47,1
DA:50,1
DA:52,0
DA:57,1
DA:58,0
DA:59,0
DA:62,0
DA:64,0
DA:69,1
DA:70,0
DA:71,0
DA:74,0
DA:76,0
DA:81,1
DA:82,0
DA:83,0
DA:86,0
DA:88,0
DA:93,1
DA:94,9
DA:95,9
DA:97,4
DA:99,1
DA:102,1
DA:105,1
DA:108,1
DA:109,1
DA:112,0
DA:117,1
DA:122,1
DA:123,0
DA:124,0
DA:125,0
DA:126,0
DA:127,0
DA:128,0
DA:129,0
DA:130,0
DA:131,0
DA:132,0
DA:134,0
DA:135,0
DA:136,0
DA:137,0
DA:138,0
DA:140,0
DA:141,0
DA:144,0
DA:145,0
DA:146,0
DA:147,0
DA:148,0
DA:150,0
DA:151,0
DA:154,0
DA:155,0
DA:156,0
DA:157,0
DA:158,0
DA:160,0
DA:161,0
DA:164,0
DA:166,0
DA:167,0
DA:169,0
DA:170,0
DA:171,0
DA:173,0
DA:174,0
DA:175,0
DA:176,0
DA:179,1
DA:181,0
DA:182,0
DA:183,0
DA:184,0
DA:185,0
DA:186,0
DA:189,0
DA:192,0
DA:195,0
DA:198,0
DA:202,0
DA:203,0
DA:204,0
DA:206,0
DA:209,0
LF:103
LH:32
BRDA:94,1,0,4
BRDA:94,1,1,5
BRDA:98,2,0,1
BRDA:98,2,1,1
BRDA:98,2,2,1
BRDA:98,2,3,1
BRDA:98,2,4,0
BRDA:131,3,0,0
BRDA:131,3,1,0
BRDA:131,4,0,0
BRDA:131,4,1,0
BRDA:134,5,0,0
BRDA:134,5,1,0
BRDA:134,6,0,0
BRDA:134,6,1,0
BRDA:136,7,0,0
BRDA:136,7,1,0
BRDA:144,8,0,0
BRDA:144,8,1,0
BRDA:144,9,0,0
BRDA:144,9,1,0
BRDA:146,10,0,0
BRDA:146,10,1,0
BRDA:154,11,0,0
BRDA:154,11,1,0
BRDA:154,12,0,0
BRDA:154,12,1,0
BRDA:156,13,0,0
BRDA:156,13,1,0
BRDA:164,14,0,0
BRDA:164,14,1,0
BRDA:164,15,0,0
BRDA:164,15,1,0
BRDA:164,15,2,0
BRDA:169,16,0,0
BRDA:169,16,1,0
BRDA:183,17,0,0
BRDA:183,17,1,0
BRDA:188,18,0,0
BRDA:188,18,1,0
BRDA:188,18,2,0
BRDA:188,18,3,0
BRF:42
BRH:7
end_of_record
TN:
SF:/Users/lizk/study/rice/2017spring/531doc/hw5/src/components/main/followerAction.js
FN:3,deleteFollower
FN:7,removeFollower
FN:8,(anonymous_3)
FN:10,(anonymous_4)
FN:22,(anonymous_5)
FN:28,putFollowing
FN:29,(anonymous_7)
FN:31,(anonymous_8)
FN:38,(anonymous_9)
FN:44,(anonymous_10)
FN:50,addFollower
FN:54,clearFollowerArticle
FN:58,getFollowings
FN:61,(anonymous_14)
FN:63,(anonymous_15)
FN:65,(anonymous_16)
FN:71,(anonymous_17)
FN:77,getFriendProfile
FN:80,(anonymous_19)
FN:84,(anonymous_20)
FN:88,(anonymous_21)
FN:92,(anonymous_22)
FN:95,(anonymous_23)
FN:96,(anonymous_24)
FNF:24
FNH:2
FNDA:0,deleteFollower
FNDA:0,removeFollower
FNDA:0,(anonymous_3)
FNDA:0,(anonymous_4)
FNDA:0,(anonymous_5)
FNDA:0,putFollowing
FNDA:0,(anonymous_7)
FNDA:0,(anonymous_8)
FNDA:0,(anonymous_9)
FNDA:0,(anonymous_10)
FNDA:0,addFollower
FNDA:1,clearFollowerArticle
FNDA:1,getFollowings
FNDA:0,(anonymous_14)
FNDA:0,(anonymous_15)
FNDA:0,(anonymous_16)
FNDA:0,(anonymous_17)
FNDA:0,getFriendProfile
FNDA:0,(anonymous_19)
FNDA:0,(anonymous_20)
FNDA:0,(anonymous_21)
FNDA:0,(anonymous_22)
FNDA:0,(anonymous_23)
FNDA:0,(anonymous_24)
DA:0,1
DA:1,1
DA:2,1
DA:3,1
DA:4,0
DA:7,1
DA:8,0
DA:9,0
DA:10,0
DA:11,0
DA:13,0
DA:15,0
DA:18,0
DA:19,0
DA:20,0
DA:21,0
DA:23,0
DA:28,1
DA:29,0
DA:30,0
DA:31,0
DA:32,0
DA:34,0
DA:35,0
DA:36,0
DA:38,0
DA:39,0
DA:42,0
DA:43,0
DA:45,0
DA:50,1
DA:51,0
DA:54,1
DA:55,1
DA:58,1
DA:60,1
DA:61,1
DA:62,0
DA:64,0
DA:65,0
DA:66,0
DA:67,0
DA:72,0
DA:77,1
DA:78,0
DA:79,0
DA:81,0
DA:85,0
DA:87,0
DA:89,0
DA:93,0
DA:95,0
DA:96,0
DA:97,0
LF:54
LH:13
BRDA:15,1,0,0
BRDA:15,1,1,0
BRDA:35,2,0,0
BRDA:35,2,1,0
BRDA:38,3,0,0
BRDA:38,3,1,0
BRDA:60,4,0,1
BRDA:60,4,1,0
BRF:8
BRH:1
end_of_record
TN:
SF:/Users/lizk/study/rice/2017spring/531doc/hw5/src/components/auth/registerAction.js
FN:3,validateSignOn
FN:24,validatePassword
FN:35,signOnFunc
FN:53,(anonymous_4)
FN:55,(anonymous_5)
FN:59,(anonymous_6)
FN:66,normalRegister
FN:70,errorRegister
FNF:8
FNH:1
FNDA:0,validateSignOn
FNDA:0,validatePassword
FNDA:0,signOnFunc
FNDA:0,(anonymous_4)
FNDA:0,(anonymous_5)
FNDA:0,(anonymous_6)
FNDA:1,normalRegister
FNDA:0,errorRegister
DA:0,1
DA:1,1
DA:3,1
DA:5,0
DA:6,0
DA:7,0
DA:8,0
DA:9,0
DA:10,0
DA:11,0
DA:12,0
DA:13,0
DA:14,0
DA:15,0
DA:16,0
DA:17,0
DA:18,0
DA:20,0
DA:24,1
DA:25,0
DA:26,0
DA:28,0
DA:29,0
DA:31,0
DA:35,1
DA:37,0
DA:38,0
DA:39,0
DA:40,0
DA:41,0
DA:42,0
DA:43,0
DA:44,0
DA:45,0
DA:46,0
DA:48,0
DA:49,0
DA:50,0
DA:52,0
DA:53,0
DA:54,0
DA:56,0
DA:57,0
DA:60,0
DA:66,1
DA:67,1
DA:70,1
DA:71,0
LF:48
LH:8
BRDA:5,1,0,0
BRDA:5,1,1,0
BRDA:5,2,0,0
BRDA:5,2,1,0
BRDA:7,3,0,0
BRDA:7,3,1,0
BRDA:7,4,0,0
BRDA:7,4,1,0
BRDA:9,5,0,0
BRDA:9,5,1,0
BRDA:9,6,0,0
BRDA:9,6,1,0
BRDA:11,7,0,0
BRDA:11,7,1,0
BRDA:11,8,0,0
BRDA:11,8,1,0
BRDA:13,9,0,0
BRDA:13,9,1,0
BRDA:13,10,0,0
BRDA:13,10,1,0
BRDA:15,11,0,0
BRDA:15,11,1,0
BRDA:15,12,0,0
BRDA:15,12,1,0
BRDA:17,13,0,0
BRDA:17,13,1,0
BRDA:17,14,0,0
BRDA:17,14,1,0
BRDA:28,15,0,0
BRDA:28,15,1,0
BRDA:46,16,0,0
BRDA:46,16,1,0
BRDA:49,17,0,0
BRDA:49,17,1,0
BRF:34
BRH:0
end_of_record
TN:
SF:/Users/lizk/study/rice/2017spring/531doc/hw5/src/components/app.js
FN:0,_interopRequireDefault
FN:9,App
FN:29,mapStateToProps
FN:31,(anonymous_4)
FNF:4
FNH:1
FNDA:4,_interopRequireDefault
FNDA:0,App
FNDA:0,mapStateToProps
FNDA:0,(anonymous_4)
DA:0,4
DA:1,1
DA:2,1
DA:3,1
DA:5,1
DA:6,1
DA:7,1
DA:9,1
DA:10,0
DA:11,0
DA:22,0
DA:29,1
DA:31,1
DA:33,1
LF:14
LH:11
BRDA:0,1,0,3
BRDA:0,1,1,1
BRDA:0,2,0,4
BRDA:0,2,1,4
BRDA:12,3,0,0
BRDA:12,3,1,0
BRDA:12,3,2,0
BRF:7
BRH:5
end_of_record
TN:
SF:/Users/lizk/study/rice/2017spring/531doc/hw5/src/components/main/main.js
FN:0,_interopRequireDefault
FN:10,Main
FNF:2
FNH:1
FNDA:7,_interopRequireDefault
FNDA:0,Main
DA:0,7
DA:1,1
DA:2,1
DA:3,1
DA:4,1
DA:5,1
DA:6,1
DA:7,1
DA:8,1
DA:10,1
DA:11,0
DA:34,1
LF:12
LH:11
BRDA:0,1,0,6
BRDA:0,1,1,1
BRDA:0,2,0,7
BRDA:0,2,1,7
BRF:4
BRH:4
end_of_record
TN:
SF:/Users/lizk/study/rice/2017spring/531doc/hw5/src/components/main/navMain.js
FN:0,_interopRequireDefault
FN:5,NavMain
FN:34,mapDispatchToProps
FN:34,nevToProfile
FN:35,nevToLanding
FNF:5
FNH:1
FNDA:1,_interopRequireDefault
FNDA:0,NavMain
FNDA:0,mapDispatchToProps
FNDA:0,nevToProfile
FNDA:0,nevToLanding
DA:0,1
DA:1,1
DA:2,1
DA:3,1
DA:5,1
DA:6,0
DA:34,1
DA:35,0
DA:36,1
LF:9
LH:7
BRDA:0,1,0,0
BRDA:0,1,1,1
BRDA:0,2,0,1
BRDA:0,2,1,1
BRF:4
BRH:4
end_of_record
TN:
SF:/Users/lizk/study/rice/2017spring/531doc/hw5/src/components/auth/logoutAction.js
FN:3,logout
FN:4,(anonymous_2)
FN:6,(anonymous_3)
FN:12,(anonymous_4)
FNF:4
FNH:3
FNDA:1,logout
FNDA:1,(anonymous_2)
FNDA:1,(anonymous_3)
FNDA:0,(anonymous_4)
DA:0,1
DA:1,1
DA:2,1
DA:3,1
DA:4,1
DA:5,1
DA:7,1
DA:9,1
DA:10,1
DA:13,0
LF:10
LH:9
BRF:0
BRH:0
end_of_record
TN:
SF:/Users/lizk/study/rice/2017spring/531doc/hw5/src/components/main/headline.js
FN:0,_interopRequireDefault
FN:5,Headline
FN:7,_Update
FN:17,ref
FN:25,mapStateToProps
FN:29,mapDispatchToProps
FN:30,putHeadline
FNF:7
FNH:1
FNDA:1,_interopRequireDefault
FNDA:0,Headline
FNDA:0,_Update
FNDA:0,ref
FNDA:0,mapStateToProps
FNDA:0,mapDispatchToProps
FNDA:0,putHeadline
DA:0,1
DA:1,1
DA:2,1
DA:3,1
DA:5,1
DA:6,0
DA:7,0
DA:8,0
DA:11,0
DA:17,0
DA:25,1
DA:29,1
DA:31,0
DA:34,1
LF:14
LH:8
BRDA:0,1,0,0
BRDA:0,1,1,1
BRDA:0,2,0,1
BRDA:0,2,1,1
BRF:4
BRH:4
end_of_record
TN:
SF:/Users/lizk/study/rice/2017spring/531doc/hw5/src/components/main/followers.js
FN:0,_interopRequireDefault
FN:7,Followers
FN:9,_addFollower
FN:21,(anonymous_4)
FN:26,ref
FN:38,mapStateToProps
FN:39,mapDispatchToProps
FN:40,addFollower
FNF:8
FNH:1
FNDA:3,_interopRequireDefault
FNDA:0,Followers
FNDA:0,_addFollower
FNDA:0,(anonymous_4)
FNDA:0,ref
FNDA:0,mapStateToProps
FNDA:0,mapDispatchToProps
FNDA:0,addFollower
DA:0,3
DA:1,1
DA:2,1
DA:3,1
DA:4,1
DA:5,1
DA:7,1
DA:8,0
DA:9,0
DA:10,0
DA:14,0
DA:22,0
DA:26,0
DA:38,1
DA:39,1
DA:41,0
DA:45,1
LF:17
LH:10
BRDA:0,1,0,2
BRDA:0,1,1,1
BRDA:0,2,0,3
BRDA:0,2,1,3
BRF:4
BRH:4
end_of_record
TN:
SF:/Users/lizk/study/rice/2017spring/531doc/hw5/src/components/main/follower.js
FN:0,_interopRequireDefault
FN:5,Follower
FN:6,_delFollower
FN:20,mapDispatchToProps
FN:21,delFollower
FNF:5
FNH:1
FNDA:1,_interopRequireDefault
FNDA:0,Follower
FNDA:0,_delFollower
FNDA:0,mapDispatchToProps
FNDA:0,delFollower
DA:0,1
DA:1,1
DA:2,1
DA:3,1
DA:5,1
DA:6,0
DA:7,0
DA:10,0
DA:20,1
DA:22,0
DA:25,1
LF:11
LH:7
BRDA:0,1,0,0
BRDA:0,1,1,1
BRDA:0,2,0,1
BRDA:0,2,1,1
BRF:4
BRH:4
end_of_record
TN:
SF:/Users/lizk/study/rice/2017spring/531doc/hw5/src/components/main/errorAddFollower.js
FN:0,_interopRequireDefault
FN:4,ErrAdd
FN:16,mapStateToProps
FNF:3
FNH:1
FNDA:1,_interopRequireDefault
FNDA:0,ErrAdd
FNDA:0,mapStateToProps
DA:0,1
DA:1,1
DA:2,1
DA:4,1
DA:5,0
DA:7,0
DA:12,0
DA:16,1
DA:17,1
LF:9
LH:6
BRDA:0,1,0,0
BRDA:0,1,1,1
BRDA:0,2,0,1
BRDA:0,2,1,1
BRDA:5,3,0,0
BRDA:5,3,1,0
BRF:6
BRH:4
end_of_record
TN:
SF:/Users/lizk/study/rice/2017spring/531doc/hw5/src/components/main/articles.js
FN:0,_interopRequireDefault
FN:6,Articles
FN:10,(anonymous_3)
FN:17,(anonymous_4)
FN:26,mapStateToProps
FNF:5
FNH:4
FNDA:2,_interopRequireDefault
FNDA:1,Articles
FNDA:1,(anonymous_3)
FNDA:2,(anonymous_4)
FNDA:0,mapStateToProps
DA:0,2
DA:1,1
DA:2,1
DA:4,1
DA:6,1
DA:8,1
DA:11,1
DA:12,0
DA:13,1
DA:14,1
DA:15,0
DA:17,2
DA:26,1
DA:28,1
LF:14
LH:12
BRDA:0,1,0,1
BRDA:0,1,1,1
BRDA:0,2,0,2
BRDA:0,2,1,2
BRDA:11,3,0,0
BRDA:11,3,1,1
BRDA:13,4,0,1
BRDA:13,4,1,0
BRF:8
BRH:6
end_of_record
TN:
SF:/Users/lizk/study/rice/2017spring/531doc/hw5/src/components/main/article.js
FN:0,_interopRequireDefault
FN:7,Article
FN:12,_toggleComments
FN:46,(anonymous_4)
FN:56,mapStateToProps
FN:60,mapDispatchToProps
FN:60,editArticle
FN:61,addComment
FN:62,toggleComments
FNF:9
FNH:1
FNDA:2,_interopRequireDefault
FNDA:0,Article
FNDA:0,_toggleComments
FNDA:0,(anonymous_4)
FNDA:0,mapStateToProps
FNDA:0,mapDispatchToProps
FNDA:0,editArticle
FNDA:0,addComment
FNDA:0,toggleComments
DA:0,2
DA:1,1
DA:2,1
DA:4,1
DA:5,1
DA:6,1
DA:7,1
DA:9,0
DA:10,0
DA:11,0
DA:12,0
DA:13,0
DA:16,0
DA:47,0
DA:56,1
DA:60,1
DA:61,0
DA:62,0
DA:65,1
LF:19
LH:10
BRDA:0,1,0,1
BRDA:0,1,1,1
BRDA:0,2,0,2
BRDA:0,2,1,2
BRDA:11,3,0,0
BRDA:11,3,1,0
BRDA:23,4,0,0
BRDA:23,4,1,0
BRDA:30,5,0,0
BRDA:30,5,1,0
BRDA:30,6,0,0
BRDA:30,6,1,0
BRDA:30,6,2,0
BRDA:34,7,0,0
BRDA:34,7,1,0
BRDA:46,8,0,0
BRDA:46,8,1,0
BRF:17
BRH:4
end_of_record
TN:
SF:/Users/lizk/study/rice/2017spring/531doc/hw5/src/components/main/commentAction.js
FN:1,addComment
FN:5,toggleComments
FNF:2
FNH:0
FNDA:0,addComment
FNDA:0,toggleComments
DA:0,1
DA:1,1
DA:2,0
DA:5,1
DA:6,0
LF:5
LH:3
BRF:0
BRH:0
end_of_record
TN:
SF:/Users/lizk/study/rice/2017spring/531doc/hw5/src/components/main/comment.js
FN:0,_interopRequireDefault
FN:4,Comment
FNF:2
FNH:1
FNDA:1,_interopRequireDefault
FNDA:0,Comment
DA:0,1
DA:1,1
DA:2,1
DA:4,1
DA:5,0
DA:6,0
DA:8,0
DA:18,1
LF:8
LH:5
BRDA:0,1,0,0
BRDA:0,1,1,1
BRDA:0,2,0,1
BRDA:0,2,1,1
BRF:4
BRH:4
end_of_record
TN:
SF:/Users/lizk/study/rice/2017spring/531doc/hw5/src/components/main/postArticle.js
FN:0,_interopRequireDefault
FN:6,PostArticle
FN:9,_addArticle
FN:13,_clear
FN:24,ref
FN:37,mapDispatchToProps
FN:38,addArticle
FNF:7
FNH:1
FNDA:2,_interopRequireDefault
FNDA:0,PostArticle
FNDA:0,_addArticle
FNDA:0,_clear
FNDA:0,ref
FNDA:0,mapDispatchToProps
FNDA:0,addArticle
DA:0,2
DA:1,1
DA:2,1
DA:3,1
DA:4,1
DA:6,1
DA:7,0
DA:9,0
DA:10,0
DA:13,0
DA:14,0
DA:18,0
DA:24,0
DA:37,1
DA:39,0
DA:42,1
LF:16
LH:8
BRDA:0,1,0,1
BRDA:0,1,1,1
BRDA:0,2,0,2
BRDA:0,2,1,2
BRF:4
BRH:4
end_of_record
TN:
SF:/Users/lizk/study/rice/2017spring/531doc/hw5/src/components/main/errorAddArticle.js
FN:0,_interopRequireDefault
FN:4,ErrAddArticle
FN:16,mapStateToProps
FNF:3
FNH:1
FNDA:1,_interopRequireDefault
FNDA:0,ErrAddArticle
FNDA:0,mapStateToProps
DA:0,1
DA:1,1
DA:2,1
DA:4,1
DA:5,0
DA:7,0
DA:12,0
DA:16,1
DA:17,1
LF:9
LH:6
BRDA:0,1,0,0
BRDA:0,1,1,1
BRDA:0,2,0,1
BRDA:0,2,1,1
BRDA:5,3,0,0
BRDA:5,3,1,0
BRF:6
BRH:4
end_of_record
TN:
SF:/Users/lizk/study/rice/2017spring/531doc/hw5/src/components/main/searchbar.js
FN:0,_interopRequireDefault
FN:4,Searchbar
FN:6,_search
FN:12,ref
FN:23,mapDispatchToProps
FN:23,search
FNF:6
FNH:1
FNDA:1,_interopRequireDefault
FNDA:0,Searchbar
FNDA:0,_search
FNDA:0,ref
FNDA:0,mapDispatchToProps
FNDA:0,search
DA:0,1
DA:1,1
DA:2,1
DA:3,1
DA:4,1
DA:5,0
DA:6,0
DA:7,0
DA:10,0
DA:12,0
DA:23,1
DA:25,1
LF:12
LH:7
BRDA:0,1,0,0
BRDA:0,1,1,1
BRDA:0,2,0,1
BRDA:0,2,1,1
BRF:4
BRH:4
end_of_record
TN:
SF:/Users/lizk/study/rice/2017spring/531doc/hw5/src/components/profile/profile.js
FN:0,_interopRequireDefault
FN:8,Profile
FNF:2
FNH:1
FNDA:4,_interopRequireDefault
FNDA:0,Profile
DA:0,4
DA:1,1
DA:2,1
DA:4,1
DA:5,1
DA:6,1
DA:8,1
DA:9,0
DA:29,1
LF:9
LH:8
BRDA:0,1,0,3
BRDA:0,1,1,1
BRDA:0,2,0,4
BRDA:0,2,1,4
BRF:4
BRH:4
end_of_record
TN:
SF:/Users/lizk/study/rice/2017spring/531doc/hw5/src/components/profile/navigate.js
FN:0,_interopRequireDefault
FN:5,Navigate
FN:32,mapDispatchToProps
FN:32,nevToMain
FN:33,logOut
FNF:5
FNH:1
FNDA:1,_interopRequireDefault
FNDA:0,Navigate
FNDA:0,mapDispatchToProps
FNDA:0,nevToMain
FNDA:0,logOut
DA:0,1
DA:1,1
DA:2,1
DA:3,1
DA:5,1
DA:6,0
DA:32,1
DA:33,0
DA:35,1
LF:9
LH:7
BRDA:0,1,0,0
BRDA:0,1,1,1
BRDA:0,2,0,1
BRDA:0,2,1,1
BRF:4
BRH:4
end_of_record
TN:
SF:/Users/lizk/study/rice/2017spring/531doc/hw5/src/components/profile/avatar.js
FN:0,_interopRequireDefault
FN:5,InfoItem
FN:14,Avatar
FN:40,mapStateToProps
FNF:4
FNH:1
FNDA:1,_interopRequireDefault
FNDA:0,InfoItem
FNDA:0,Avatar
FNDA:0,mapStateToProps
DA:0,1
DA:1,1
DA:3,1
DA:5,1
DA:7,0
DA:14,1
DA:16,0
DA:40,1
DA:41,1
LF:9
LH:7
BRDA:0,1,0,0
BRDA:0,1,1,1
BRDA:0,2,0,1
BRDA:0,2,1,1
BRF:4
BRH:4
end_of_record
TN:
SF:/Users/lizk/study/rice/2017spring/531doc/hw5/src/components/profile/update.js
FN:0,_interopRequireDefault
FN:7,UpdateItem
FN:20,Update
FN:27,_update
FN:35,reference
FN:37,reference
FN:39,reference
FN:41,reference
FN:44,reference
FN:46,reference
FN:58,mapStateToProps
FN:59,mapDispatchToProps
FN:59,update
FNF:13
FNH:1
FNDA:3,_interopRequireDefault
FNDA:0,UpdateItem
FNDA:0,Update
FNDA:0,_update
FNDA:0,reference
FNDA:0,reference
FNDA:0,reference
FNDA:0,reference
FNDA:0,reference
FNDA:0,reference
FNDA:0,mapStateToProps
FNDA:0,mapDispatchToProps
FNDA:0,update
DA:0,3
DA:1,1
DA:2,1
DA:3,1
DA:4,1
DA:5,1
DA:7,1
DA:9,0
DA:20,1
DA:21,0
DA:22,0
DA:23,0
DA:24,0
DA:25,0
DA:26,0
DA:27,0
DA:28,0
DA:31,0
DA:35,0
DA:37,0
DA:39,0
DA:41,0
DA:44,0
DA:46,0
DA:58,1
DA:59,1
DA:60,0
DA:62,1
LF:28
LH:11
BRDA:0,1,0,2
BRDA:0,1,1,1
BRDA:0,2,0,3
BRDA:0,2,1,3
BRF:4
BRH:4
end_of_record
TN:
SF:/Users/lizk/study/rice/2017spring/531doc/hw5/src/components/profile/errorUpdate.js
FN:0,_interopRequireDefault
FN:4,ErrUpdate
FN:16,mapStateToProps
FNF:3
FNH:1
FNDA:1,_interopRequireDefault
FNDA:0,ErrUpdate
FNDA:0,mapStateToProps
DA:0,1
DA:1,1
DA:2,1
DA:4,1
DA:5,0
DA:7,0
DA:12,0
DA:16,1
DA:18,1
LF:9
LH:6
BRDA:0,1,0,0
BRDA:0,1,1,1
BRDA:0,2,0,1
BRDA:0,2,1,1
BRDA:5,3,0,0
BRDA:5,3,1,0
BRF:6
BRH:4
end_of_record
TN:
SF:/Users/lizk/study/rice/2017spring/531doc/hw5/src/components/profile/successUpdate.js
FN:0,_interopRequireDefault
FN:4,SuccessUpdate
FN:16,mapStateToProps
FNF:3
FNH:1
FNDA:1,_interopRequireDefault
FNDA:0,SuccessUpdate
FNDA:0,mapStateToProps
DA:0,1
DA:1,1
DA:2,1
DA:4,1
DA:5,0
DA:7,0
DA:12,0
DA:16,1
DA:17,1
LF:9
LH:6
BRDA:0,1,0,0
BRDA:0,1,1,1
BRDA:0,2,0,1
BRDA:0,2,1,1
BRDA:5,3,0,0
BRDA:5,3,1,0
BRF:6
BRH:4
end_of_record
TN:
SF:/Users/lizk/study/rice/2017spring/531doc/hw5/src/components/auth/landing.js
FN:0,_interopRequireDefault
FN:7,Landing
FNF:2
FNH:1
FNDA:3,_interopRequireDefault
FNDA:0,Landing
DA:0,3
DA:1,1
DA:2,1
DA:4,1
DA:5,1
DA:7,1
DA:9,0
DA:36,1
LF:8
LH:7
BRDA:0,1,0,2
BRDA:0,1,1,1
BRDA:0,2,0,3
BRDA:0,2,1,3
BRF:4
BRH:4
end_of_record
TN:
SF:/Users/lizk/study/rice/2017spring/531doc/hw5/src/components/auth/register.js
FN:0,_interopRequireDefault
FN:8,getTodayDate
FN:23,Register
FN:63,mapDispatchToProps
FN:63,signOn
FNF:5
FNH:1
FNDA:3,_interopRequireDefault
FNDA:0,getTodayDate
FNDA:0,Register
FNDA:0,mapDispatchToProps
FNDA:0,signOn
DA:0,3
DA:1,1
DA:2,1
DA:4,1
DA:5,1
DA:6,1
DA:8,1
DA:9,0
DA:10,0
DA:11,0
DA:12,0
DA:13,0
DA:14,0
DA:16,0
DA:17,0
DA:19,0
DA:20,0
DA:23,1
DA:24,0
DA:26,0
DA:63,1
DA:65,1
LF:22
LH:10
BRDA:0,1,0,2
BRDA:0,1,1,1
BRDA:0,2,0,3
BRDA:0,2,1,3
BRDA:13,3,0,0
BRDA:13,3,1,0
BRDA:16,4,0,0
BRDA:16,4,1,0
BRF:8
BRH:4
end_of_record
TN:
SF:/Users/lizk/study/rice/2017spring/531doc/hw5/src/components/auth/infoSignOn.js
FN:0,_interopRequireDefault
FN:4,InfoSignOn
FN:28,mapStateToProps
FNF:3
FNH:1
FNDA:1,_interopRequireDefault
FNDA:0,InfoSignOn
FNDA:0,mapStateToProps
DA:0,1
DA:1,1
DA:2,1
DA:4,1
DA:5,0
DA:7,0
DA:11,0
DA:13,0
DA:17,0
DA:19,0
DA:24,0
DA:28,1
DA:36,1
LF:13
LH:6
BRDA:0,1,0,0
BRDA:0,1,1,1
BRDA:0,2,0,1
BRDA:0,2,1,1
BRDA:5,3,0,0
BRDA:5,3,1,0
BRDA:11,4,0,0
BRDA:11,4,1,0
BRDA:17,5,0,0
BRDA:17,5,1,0
BRF:10
BRH:4
end_of_record
TN:
SF:/Users/lizk/study/rice/2017spring/531doc/hw5/src/components/auth/registerLine.js
FN:0,_interopRequireDefault
FN:4,RegusterLine
FNF:2
FNH:1
FNDA:1,_interopRequireDefault
FNDA:0,RegusterLine
DA:0,1
DA:1,1
DA:2,1
DA:4,1
DA:6,0
DA:15,1
LF:6
LH:5
BRDA:0,1,0,0
BRDA:0,1,1,1
BRDA:0,2,0,1
BRDA:0,2,1,1
BRF:4
BRH:4
end_of_record
TN:
SF:/Users/lizk/study/rice/2017spring/531doc/hw5/src/components/auth/logIn.js
FN:0,_interopRequireDefault
FN:7,LogIn
FN:9,_logInEvent
FN:15,ref
FN:16,ref
FN:23,mapDispatchToProps
FN:23,logInEvent
FNF:7
FNH:1
FNDA:2,_interopRequireDefault
FNDA:0,LogIn
FNDA:0,_logInEvent
FNDA:0,ref
FNDA:0,ref
FNDA:0,mapDispatchToProps
FNDA:0,logInEvent
DA:0,2
DA:1,1
DA:2,1
DA:4,1
DA:5,1
DA:7,1
DA:8,0
DA:9,0
DA:10,0
DA:13,0
DA:15,0
DA:16,0
DA:23,1
DA:24,1
LF:14
LH:8
BRDA:0,1,0,1
BRDA:0,1,1,1
BRDA:0,2,0,2
BRDA:0,2,1,2
BRF:4
BRH:4
end_of_record
TN:
SF:/Users/lizk/study/rice/2017spring/531doc/hw5/src/components/auth/errorLogIn.js
FN:0,_interopRequireDefault
FN:4,ErrLogIn
FN:16,mapStateToProps
FNF:3
FNH:1
FNDA:1,_interopRequireDefault
FNDA:0,ErrLogIn
FNDA:0,mapStateToProps
DA:0,1
DA:1,1
DA:2,1
DA:4,1
DA:5,0
DA:7,0
DA:12,0
DA:16,1
DA:19,1
LF:9
LH:6
BRDA:0,1,0,0
BRDA:0,1,1,1
BRDA:0,2,0,1
BRDA:0,2,1,1
BRDA:5,3,0,0
BRDA:5,3,1,0
BRF:6
BRH:4
end_of_record
TN:
SF:/Users/lizk/study/rice/2017spring/531doc/hw5/src/components/auth/authAction.spec.js
FN:0,_interopRequireDefault
FN:6,(anonymous_2)
FN:8,(anonymous_3)
FN:25,(anonymous_4)
FN:32,(anonymous_5)
FN:44,(anonymous_6)
FN:56,(anonymous_7)
FN:65,(anonymous_8)
FN:79,(anonymous_9)
FN:85,(anonymous_10)
FNF:10
FNH:10
FNDA:2,_interopRequireDefault
FNDA:1,(anonymous_2)
FNDA:3,(anonymous_3)
FNDA:3,(anonymous_4)
FNDA:1,(anonymous_5)
FNDA:10,(anonymous_6)
FNDA:1,(anonymous_7)
FNDA:1,(anonymous_8)
FNDA:1,(anonymous_9)
FNDA:3,(anonymous_10)
DA:0,2
DA:1,1
DA:2,1
DA:3,1
DA:6,1
DA:7,1
DA:8,1
DA:9,3
DA:10,0
DA:11,0
DA:12,0
DA:13,0
DA:14,0
DA:15,0
DA:16,0
DA:17,0
DA:21,1
DA:22,1
DA:23,1
DA:25,1
DA:26,3
DA:27,0
DA:28,0
DA:32,1
DA:34,1
DA:35,1
DA:37,1
DA:43,1
DA:45,10
DA:47,1
DA:56,1
DA:57,1
DA:58,1
DA:59,1
DA:64,1
DA:66,1
DA:68,1
DA:79,1
DA:80,1
DA:85,1
DA:86,3
DA:88,1
DA:91,1
LF:43
LH:33
BRDA:0,1,0,0
BRDA:0,1,1,2
BRDA:0,2,0,2
BRDA:0,2,1,2
BRDA:9,3,0,0
BRDA:9,3,1,3
BRDA:26,4,0,0
BRDA:26,4,1,3
BRDA:46,5,0,1
BRDA:67,6,0,1
BRDA:87,7,0,1
BRDA:87,7,1,1
BRF:12
BRH:10
end_of_record
TN:
SF:/Users/lizk/study/rice/2017spring/531doc/hw5/src/components/auth/login.js
FN:0,_interopRequireDefault
FN:7,LogIn
FN:9,_logInEvent
FN:15,ref
FN:16,ref
FN:23,mapDispatchToProps
FN:23,logInEvent
FNF:7
FNH:1
FNDA:2,_interopRequireDefault
FNDA:0,LogIn
FNDA:0,_logInEvent
FNDA:0,ref
FNDA:0,ref
FNDA:0,mapDispatchToProps
FNDA:0,logInEvent
DA:0,2
DA:1,1
DA:2,1
DA:4,1
DA:5,1
DA:7,1
DA:8,0
DA:9,0
DA:10,0
DA:13,0
DA:15,0
DA:16,0
DA:23,1
DA:24,1
LF:14
LH:8
BRDA:0,1,0,1
BRDA:0,1,1,1
BRDA:0,2,0,2
BRDA:0,2,1,2
BRF:4
BRH:4
end_of_record
TN:
SF:/Users/lizk/study/rice/2017spring/531doc/hw5/src/components/main/articleAction.spec.js
FN:0,_interopRequireWildcard
FN:0,_interopRequireDefault
FN:6,(anonymous_3)
FN:8,(anonymous_4)
FN:26,(anonymous_5)
FN:33,(anonymous_6)
FN:44,(anonymous_7)
FN:51,(anonymous_8)
FNF:8
FNH:8
FNDA:1,_interopRequireWildcard
FNDA:2,_interopRequireDefault
FNDA:1,(anonymous_3)
FNDA:2,(anonymous_4)
FNDA:2,(anonymous_5)
FNDA:1,(anonymous_6)
FNDA:1,(anonymous_7)
FNDA:1,(anonymous_8)
DA:0,2
DA:1,1
DA:2,1
DA:3,1
DA:4,1
DA:6,1
DA:7,1
DA:8,1
DA:9,2
DA:10,0
DA:11,0
DA:12,0
DA:13,0
DA:14,0
DA:15,0
DA:16,0
DA:17,0
DA:21,1
DA:22,1
DA:23,1
DA:24,1
DA:26,1
DA:27,2
DA:28,0
DA:29,0
DA:33,1
DA:34,1
DA:35,1
DA:42,1
DA:44,1
DA:45,1
DA:46,1
DA:51,1
DA:52,1
DA:53,1
DA:54,1
LF:36
LH:26
BRDA:0,1,0,1
BRDA:0,1,1,0
BRDA:0,2,0,1
BRDA:0,2,1,1
BRDA:0,3,0,0
BRDA:0,3,1,0
BRDA:0,4,0,0
BRDA:0,4,1,0
BRDA:0,5,0,0
BRDA:0,5,1,2
BRDA:0,6,0,2
BRDA:0,6,1,2
BRDA:9,7,0,0
BRDA:9,7,1,2
BRDA:27,8,0,0
BRDA:27,8,1,2
BRF:16
BRH:14
end_of_record
TN:
SF:/Users/lizk/study/rice/2017spring/531doc/hw5/src/components/main/articles.spec.js
FN:0,_interopRequireDefault
FN:7,(anonymous_2)
FN:8,(anonymous_3)
FN:31,(anonymous_4)
FN:34,(anonymous_5)
FN:34,(anonymous_6)
FNF:6
FNH:5
FNDA:2,_interopRequireDefault
FNDA:1,(anonymous_2)
FNDA:1,(anonymous_3)
FNDA:1,(anonymous_4)
FNDA:1,(anonymous_5)
FNDA:0,(anonymous_6)
DA:0,2
DA:1,1
DA:2,1
DA:3,1
DA:4,1
DA:5,1
DA:6,1
DA:7,1
DA:8,1
DA:9,1
DA:27,1
DA:28,1
DA:31,1
DA:32,1
DA:33,1
DA:34,1
DA:35,0
LF:17
LH:16
BRDA:0,1,0,0
BRDA:0,1,1,2
BRDA:0,2,0,2
BRDA:0,2,1,2
BRF:4
BRH:4
end_of_record
TN:
SF:/Users/lizk/study/rice/2017spring/531doc/hw5/src/components/profile/profile.spec.js
FN:0,_interopRequireDefault
FN:5,(anonymous_2)
FN:7,(anonymous_3)
FN:26,(anonymous_4)
FN:34,(anonymous_5)
FN:45,(anonymous_6)
FN:53,(anonymous_7)
FN:64,(anonymous_8)
FN:74,(anonymous_9)
FN:85,(anonymous_10)
FN:95,(anonymous_11)
FN:106,(anonymous_12)
FN:115,(anonymous_13)
FN:127,(anonymous_14)
FNF:14
FNH:14
FNDA:2,_interopRequireDefault
FNDA:1,(anonymous_2)
FNDA:5,(anonymous_3)
FNDA:5,(anonymous_4)
FNDA:1,(anonymous_5)
FNDA:1,(anonymous_6)
FNDA:1,(anonymous_7)
FNDA:1,(anonymous_8)
FNDA:1,(anonymous_9)
FNDA:1,(anonymous_10)
FNDA:1,(anonymous_11)
FNDA:3,(anonymous_12)
FNDA:1,(anonymous_13)
FNDA:1,(anonymous_14)
DA:0,2
DA:1,1
DA:2,1
DA:3,1
DA:5,1
DA:6,1
DA:7,1
DA:8,5
DA:9,0
DA:10,0
DA:11,0
DA:12,0
DA:13,0
DA:14,0
DA:15,0
DA:16,0
DA:21,1
DA:22,1
DA:23,1
DA:24,1
DA:26,1
DA:27,5
DA:28,0
DA:29,0
DA:34,1
DA:35,1
DA:36,1
DA:37,1
DA:38,1
DA:44,1
DA:46,1
DA:47,1
DA:53,1
DA:54,1
DA:55,1
DA:56,1
DA:57,1
DA:63,1
DA:65,1
DA:66,1
DA:74,1
DA:75,1
DA:76,1
DA:77,1
DA:78,1
DA:84,1
DA:86,1
DA:87,1
DA:95,1
DA:96,1
DA:97,1
DA:98,1
DA:99,1
DA:105,1
DA:107,3
DA:108,1
DA:115,1
DA:116,1
DA:117,1
DA:126,1
DA:128,1
DA:129,1
LF:62
LH:52
BRDA:0,1,0,0
BRDA:0,1,1,2
BRDA:0,2,0,2
BRDA:0,2,1,2
BRDA:8,3,0,0
BRDA:8,3,1,5
BRDA:27,4,0,0
BRDA:27,4,1,5
BRF:8
BRH:6
end_of_record
TN:
SF:/Users/lizk/study/rice/2017spring/531doc/hw5/src/reducers.js
FN:0,(anonymous_1)
FN:2,navigate
FN:15,logIn
FN:32,register
FN:50,main
FN:70,(anonymous_6)
FN:113,(anonymous_7)
FN:119,(anonymous_8)
FN:152,profile
FN:221,filter
FN:222,(anonymous_11)
FNF:11
FNH:8
FNDA:0,(anonymous_1)
FNDA:9,navigate
FNDA:9,logIn
FNDA:9,register
FNDA:9,main
FNDA:0,(anonymous_6)
FNDA:0,(anonymous_7)
FNDA:0,(anonymous_8)
FNDA:9,profile
FNDA:2,filter
FNDA:2,(anonymous_11)
DA:0,1
DA:1,1
DA:2,9
DA:3,9
DA:5,0
DA:7,0
DA:9,0
DA:11,9
DA:15,9
DA:16,9
DA:19,0
DA:23,0
DA:25,0
DA:28,9
DA:32,9
DA:37,9
DA:38,9
DA:40,0
DA:42,0
DA:44,0
DA:46,9
DA:50,9
DA:61,9
DA:62,9
DA:64,0
DA:66,0
DA:69,0
DA:70,0
DA:73,0
DA:74,0
DA:76,0
DA:81,0
DA:86,0
DA:91,0
DA:92,0
DA:94,0
DA:100,0
DA:106,0
DA:112,0
DA:114,0
DA:115,0
DA:117,0
DA:120,0
DA:121,0
DA:123,0
DA:128,2
DA:130,2
DA:136,2
DA:142,0
DA:148,5
DA:152,9
DA:159,9
DA:160,9
DA:163,0
DA:168,1
DA:174,0
DA:181,0
DA:187,0
DA:193,0
DA:199,0
DA:205,1
DA:212,0
DA:217,7
DA:221,1
DA:222,2
DA:225,1
DA:226,1
LF:67
LH:29
BRDA:0,1,0,1
BRDA:0,1,1,0
BRDA:0,2,0,0
BRDA:0,2,1,0
BRDA:2,3,0,6
BRDA:2,3,1,3
BRDA:2,4,0,9
BRDA:2,4,1,9
BRDA:4,5,0,0
BRDA:4,5,1,0
BRDA:4,5,2,0
BRDA:4,5,3,9
BRDA:15,6,0,6
BRDA:15,6,1,3
BRDA:15,7,0,9
BRDA:15,7,1,9
BRDA:17,8,0,0
BRDA:17,8,1,0
BRDA:17,8,2,0
BRDA:17,8,3,9
BRDA:32,9,0,6
BRDA:32,9,1,3
BRDA:32,10,0,9
BRDA:32,10,1,9
BRDA:39,11,0,0
BRDA:39,11,1,0
BRDA:39,11,2,0
BRDA:39,11,3,9
BRDA:50,12,0,6
BRDA:50,12,1,3
BRDA:50,13,0,9
BRDA:50,13,1,9
BRDA:63,14,0,0
BRDA:63,14,1,0
BRDA:63,14,2,0
BRDA:63,14,3,0
BRDA:63,14,4,0
BRDA:63,14,5,0
BRDA:63,14,6,0
BRDA:63,14,7,0
BRDA:63,14,8,0
BRDA:63,14,9,0
BRDA:63,14,10,2
BRDA:63,14,11,2
BRDA:63,14,12,0
BRDA:63,14,13,5
BRDA:114,15,0,0
BRDA:114,15,1,0
BRDA:120,16,0,0
BRDA:120,16,1,0
BRDA:152,17,0,6
BRDA:152,17,1,3
BRDA:152,18,0,9
BRDA:152,18,1,9
BRDA:161,19,0,0
BRDA:161,19,1,1
BRDA:161,19,2,0
BRDA:161,19,3,0
BRDA:161,19,4,0
BRDA:161,19,5,0
BRDA:161,19,6,0
BRDA:161,19,7,1
BRDA:161,19,8,0
BRDA:161,19,9,7
BRDA:222,20,0,2
BRDA:222,20,1,1
BRF:66
BRH:35
end_of_record
TN:
SF:/Users/lizk/study/rice/2017spring/531doc/hw5/src/reducers.spec.js
FN:0,(anonymous_1)
FN:0,_interopRequireDefault
FN:39,(anonymous_3)
FN:41,(anonymous_4)
FN:66,(anonymous_5)
FN:81,(anonymous_6)
FN:89,(anonymous_7)
FN:118,(anonymous_8)
FN:127,(anonymous_9)
FNF:9
FNH:9
FNDA:0,(anonymous_1)
FNDA:1,_interopRequireDefault
FNDA:1,(anonymous_3)
FNDA:1,(anonymous_4)
FNDA:1,(anonymous_5)
FNDA:1,(anonymous_6)
FNDA:1,(anonymous_7)
FNDA:1,(anonymous_8)
FNDA:1,(anonymous_9)
DA:0,1
DA:1,1
DA:2,1
DA:4,1
DA:39,1
DA:41,1
DA:42,1
DA:45,1
DA:46,1
DA:66,1
DA:67,1
DA:71,1
DA:81,1
DA:82,1
DA:86,1
DA:89,1
DA:90,1
DA:94,1
DA:104,1
DA:108,1
DA:118,1
DA:119,1
DA:123,1
DA:124,1
DA:127,1
DA:128,1
DA:132,1
DA:133,1
LF:28
LH:28
BRDA:0,1,0,1
BRDA:0,1,1,0
BRDA:0,2,0,0
BRDA:0,2,1,0
BRDA:0,3,0,1
BRDA:0,3,1,0
BRDA:0,4,0,1
BRDA:0,4,1,1
BRF:8
BRH:8
end_of_record
