<?xml version="1.0"?>
<testsuite name="Chrome 56.0.2924 (Mac OS X 10.10.5)" package="" timestamp="2017-03-23T02:31:04" id="0" hostname="lizkdeMacBook-Pro.local" tests="24" errors="0" failures="0" time="0.045">
  <properties>
    <property name="browser.fullName" value="Mozilla/5.0 (Macintosh; Intel Mac OS X 10_10_5) AppleWebKit/537.36 (KHTML, like Gecko) Chrome/56.0.2924.87 Safari/537.36"/>
  </properties>
  <testcase name="Validate actions (these are functions that dispatch actions) resource should be a resource (i.e., mock a request)" time="0.003" classname="Chrome_56_0_2924_(Mac_OS_X_10_10_5).Validate actions (these are functions that dispatch actions)"/>
  <testcase name="Validate actions (these are functions that dispatch actions) resource should give me the http error" time="0.02" classname="Chrome_56_0_2924_(Mac_OS_X_10_10_5).Validate actions (these are functions that dispatch actions)"/>
  <testcase name="Validate actions (these are functions that dispatch actions) resource should be POSTable" time="0.001" classname="Chrome_56_0_2924_(Mac_OS_X_10_10_5).Validate actions (these are functions that dispatch actions)"/>
  <testcase name="Validate actions (these are functions that dispatch actions) should navigate (to profile, main, or landing)" time="0.001" classname="Chrome_56_0_2924_(Mac_OS_X_10_10_5).Validate actions (these are functions that dispatch actions)"/>
  <testcase name="Validate actions (these are functions that dispatch actions) should update error message (for displaying error mesage to user)" time="0.001" classname="Chrome_56_0_2924_(Mac_OS_X_10_10_5).Validate actions (these are functions that dispatch actions)"/>
  <testcase name="Validate actions (these are functions that dispatch actions) should update success message (for displaying success message to user)" time="0" classname="Chrome_56_0_2924_(Mac_OS_X_10_10_5).Validate actions (these are functions that dispatch actions)"/>
  <testcase name="Login action tests should login in a user" time="0.001" classname="Chrome_56_0_2924_(Mac_OS_X_10_10_5).Login action tests"/>
  <testcase name="Login action tests should not login in an invalid user" time="0" classname="Chrome_56_0_2924_(Mac_OS_X_10_10_5).Login action tests"/>
  <testcase name="Login action tests should login out an user" time="0" classname="Chrome_56_0_2924_(Mac_OS_X_10_10_5).Login action tests"/>
  <testcase name="Validate Article actions should fetch articles" time="0.001" classname="Chrome_56_0_2924_(Mac_OS_X_10_10_5).Validate Article actions"/>
  <testcase name="Validate Article actions should update the search keyword" time="0" classname="Chrome_56_0_2924_(Mac_OS_X_10_10_5).Validate Article actions"/>
  <testcase name="ArticlesView (component tests) should render articles" time="0.013" classname="Chrome_56_0_2924_(Mac_OS_X_10_10_5).ArticlesView (component tests)"/>
  <testcase name="ArticlesView (component tests) should dispatch actions to create a new article" time="0" classname="Chrome_56_0_2924_(Mac_OS_X_10_10_5).ArticlesView (component tests)"/>
  <testcase name="Validate Profile actions should fetch the user's proile(avatar) information" time="0.001" classname="Chrome_56_0_2924_(Mac_OS_X_10_10_5).Validate Profile actions"/>
  <testcase name="Validate Profile actions should fetch the user's proile(email) information" time="0.001" classname="Chrome_56_0_2924_(Mac_OS_X_10_10_5).Validate Profile actions"/>
  <testcase name="Validate Profile actions should fetch the user's proile(zipcode) information" time="0" classname="Chrome_56_0_2924_(Mac_OS_X_10_10_5).Validate Profile actions"/>
  <testcase name="Validate Profile actions should fetch the user's proile(headline) information" time="0" classname="Chrome_56_0_2924_(Mac_OS_X_10_10_5).Validate Profile actions"/>
  <testcase name="Validate Profile actions should update headline" time="0" classname="Chrome_56_0_2924_(Mac_OS_X_10_10_5).Validate Profile actions"/>
  <testcase name="Validate reducer should initialize state" time="0.001" classname="Chrome_56_0_2924_(Mac_OS_X_10_10_5).Validate reducer"/>
  <testcase name="Validate reducer should set the articles" time="0.001" classname="Chrome_56_0_2924_(Mac_OS_X_10_10_5).Validate reducer"/>
  <testcase name="Validate reducer should set the search keyword" time="0" classname="Chrome_56_0_2924_(Mac_OS_X_10_10_5).Validate reducer"/>
  <testcase name="Validate reducer should filter displayed articles by the search keyword" time="0" classname="Chrome_56_0_2924_(Mac_OS_X_10_10_5).Validate reducer"/>
  <testcase name="Validate reducer should state success (for displaying success message to user)" time="0" classname="Chrome_56_0_2924_(Mac_OS_X_10_10_5).Validate reducer"/>
  <testcase name="Validate reducer should state error (for displaying error message to user)" time="0" classname="Chrome_56_0_2924_(Mac_OS_X_10_10_5).Validate reducer"/>
  <system-out>
    <![CDATA[
]]>
  </system-out>
  <system-err/>
</testsuite>