
> starter@1.0.0 e2e:base /Users/lizk/study/rice/2017spring/531doc/hw6
> mocha --opts e2e/mocha.opts e2e/*.spec.js "--reporter" "xunit"

7
<testsuite name="Mocha Tests" tests="21" failures="0" errors="0" skipped="0" timestamp="Mon, 03 Apr 2017 22:20:50 GMT" time="55.147">
<testcase classname="HW6 front-end E2E article testing" name="should log in" time="4.54"/>
<testcase classname="HW6 front-end E2E article testing" name="should Create a new article and validate the article appears in the feed" time="1.826"/>
<testcase classname="HW6 front-end E2E article testing" name="should Edit an article and validate the article text has updated" time="6.89"/>
<testcase classname="HW6 front-end E2E article testing" name="should Count the number of followed users" time="0.525"/>
<testcase classname="HW6 front-end E2E article testing" name="Add the user &quot;Follower&quot; to the list of followed usersand verify the count increases by one" time="2.242"/>
<testcase classname="HW6 front-end E2E article testing" name="Remove the user &quot;Follower&quot; from the list of followedusers and verify the count decreases by one" time="1.13"/>
<testcase classname="HW6 front-end E2E article testing" name="Search for &quot;Only One Article Like This&quot; and verify only one article shows, and verify the author" time="3.687"/>
<testcase classname="HW6 front-end E2E article testing" name="should log out" time="1.575"/>
<testcase classname="HW6 front-end E2E headline testing" name="should log in" time="3.086"/>
<testcase classname="HW6 front-end E2E headline testing" name="should update the headline and verify the change" time="3.902"/>
<testcase classname="HW6 front-end E2E headline testing" name="should log out" time="1.588"/>
<testcase classname="HW6 front-end E2E login testing" name="should log in" time="3.163"/>
<testcase classname="HW6 front-end E2E login testing" name="should log in as the test user" time="5.103"/>
<testcase classname="HW6 front-end E2E login testing" name="should log out" time="1.587"/>
<testcase classname="HW6 front-end E2E profile testing" name="should log in" time="3.172"/>
<testcase classname="HW6 front-end E2E profile testing" name="Navigate to the profile view, Update the user's email and verify" time="3.065"/>
<testcase classname="HW6 front-end E2E profile testing" name="Navigate to the profile view, Update the user's zipcode and verify" time="1.825"/>
<testcase classname="HW6 front-end E2E profile testing" name="Navigate to the profile view, Update the user's password,verify a &quot;will not change&quot; message is returned" time="1.339"/>
<testcase classname="HW6 front-end E2E profile testing" name="should log out" time="1.585"/>
<testcase classname="HW6 front-end E2E register testing" name="should Register a new user" time="3.15"/>
<testcase classname="shutdown" name="now" time="0.083"/>
</testsuite>
